mode: set
github.com/vellus-ai/argoclaw/internal/auth/jwt.go:35.77,37.2 1 1
github.com/vellus-ai/argoclaw/internal/auth/jwt.go:40.103,54.2 4 1
github.com/vellus-ai/argoclaw/internal/auth/jwt.go:57.76,58.100 1 1
github.com/vellus-ai/argoclaw/internal/auth/jwt.go:58.100,59.58 1 1
github.com/vellus-ai/argoclaw/internal/auth/jwt.go:59.58,61.4 1 0
github.com/vellus-ai/argoclaw/internal/auth/jwt.go:62.3,62.29 1 1
github.com/vellus-ai/argoclaw/internal/auth/jwt.go:64.2,64.16 1 1
github.com/vellus-ai/argoclaw/internal/auth/jwt.go:64.16,66.3 1 1
github.com/vellus-ai/argoclaw/internal/auth/jwt.go:68.2,69.25 2 1
github.com/vellus-ai/argoclaw/internal/auth/jwt.go:69.25,71.3 1 0
github.com/vellus-ai/argoclaw/internal/auth/jwt.go:73.2,73.33 1 1
github.com/vellus-ai/argoclaw/internal/auth/jwt.go:78.66,80.40 2 1
github.com/vellus-ai/argoclaw/internal/auth/jwt.go:80.40,82.3 1 0
github.com/vellus-ai/argoclaw/internal/auth/jwt.go:83.2,85.48 3 1
github.com/vellus-ai/argoclaw/internal/auth/jwt.go:89.42,92.2 2 0
github.com/vellus-ai/argoclaw/internal/auth/password.go:34.53,35.39 1 1
github.com/vellus-ai/argoclaw/internal/auth/password.go:35.39,37.3 1 1
github.com/vellus-ai/argoclaw/internal/auth/password.go:39.2,40.29 2 1
github.com/vellus-ai/argoclaw/internal/auth/password.go:40.29,41.10 1 1
github.com/vellus-ai/argoclaw/internal/auth/password.go:42.27,43.19 1 1
github.com/vellus-ai/argoclaw/internal/auth/password.go:44.27,45.19 1 1
github.com/vellus-ai/argoclaw/internal/auth/password.go:46.27,47.19 1 1
github.com/vellus-ai/argoclaw/internal/auth/password.go:48.50,49.21 1 1
github.com/vellus-ai/argoclaw/internal/auth/password.go:53.2,53.15 1 1
github.com/vellus-ai/argoclaw/internal/auth/password.go:53.15,55.3 1 1
github.com/vellus-ai/argoclaw/internal/auth/password.go:56.2,56.15 1 1
github.com/vellus-ai/argoclaw/internal/auth/password.go:56.15,58.3 1 1
github.com/vellus-ai/argoclaw/internal/auth/password.go:59.2,59.15 1 1
github.com/vellus-ai/argoclaw/internal/auth/password.go:59.15,61.3 1 1
github.com/vellus-ai/argoclaw/internal/auth/password.go:62.2,62.17 1 1
github.com/vellus-ai/argoclaw/internal/auth/password.go:62.17,64.3 1 1
github.com/vellus-ai/argoclaw/internal/auth/password.go:67.2,67.17 1 1
github.com/vellus-ai/argoclaw/internal/auth/password.go:67.17,69.101 2 1
github.com/vellus-ai/argoclaw/internal/auth/password.go:69.101,71.4 1 1
github.com/vellus-ai/argoclaw/internal/auth/password.go:74.2,74.12 1 1
github.com/vellus-ai/argoclaw/internal/auth/password.go:78.52,80.43 2 1
github.com/vellus-ai/argoclaw/internal/auth/password.go:80.43,82.3 1 0
github.com/vellus-ai/argoclaw/internal/auth/password.go:84.2,91.82 4 1
github.com/vellus-ai/argoclaw/internal/auth/password.go:95.56,97.47 2 1
github.com/vellus-ai/argoclaw/internal/auth/password.go:97.47,99.3 1 0
github.com/vellus-ai/argoclaw/internal/auth/password.go:101.2,105.16 5 1
github.com/vellus-ai/argoclaw/internal/auth/password.go:105.16,107.3 1 0
github.com/vellus-ai/argoclaw/internal/auth/password.go:109.2,110.16 2 1
github.com/vellus-ai/argoclaw/internal/auth/password.go:110.16,112.3 1 0
github.com/vellus-ai/argoclaw/internal/auth/password.go:114.2,115.16 2 1
github.com/vellus-ai/argoclaw/internal/auth/password.go:115.16,117.3 1 0
github.com/vellus-ai/argoclaw/internal/auth/password.go:119.2,121.68 2 1
github.com/vellus-ai/argoclaw/internal/auth/password.go:125.74,126.35 1 1
github.com/vellus-ai/argoclaw/internal/auth/password.go:126.35,127.34 1 1
github.com/vellus-ai/argoclaw/internal/auth/password.go:127.34,129.4 1 1
github.com/vellus-ai/argoclaw/internal/auth/password.go:131.2,131.13 1 1
